[13:03:11] [main/INFO]: Setting user: Player150
[13:03:13] [Client thread/INFO]: LWJGL Version: 2.9.1
[13:03:26] [Client thread/INFO]: Reloading ResourceManager: Default, FMLFileResourcePack:Forge Mod Loader, FMLFileResourcePack:Minecraft Forge, FMLFileResourcePack:Dubnium Tools
[13:03:27] [Sound Library Loader/INFO]: Sound engine started
[13:03:36] [Client thread/INFO]: Created: 512x256 textures/blocks-atlas
[13:03:36] [Client thread/INFO]: Created: 256x256 textures/items-atlas
[13:03:36] [Client thread/INFO]: Reloading ResourceManager: Default, FMLFileResourcePack:Forge Mod Loader, FMLFileResourcePack:Minecraft Forge, FMLFileResourcePack:Dubnium Tools
[13:03:37] [Client thread/INFO]: Created: 512x256 textures/blocks-atlas
[13:03:37] [Client thread/INFO]: Created: 256x256 textures/items-atlas
[13:03:38] [Sound Library Loader/INFO]: Sound engine started
[13:03:47] [Server thread/INFO]: Starting integrated minecraft server version 1.7.10
[13:03:47] [Server thread/INFO]: Generating keypair
[13:03:47] [Server thread/INFO]: Preparing start region for level 0
[13:03:48] [Server thread/INFO]: Changing view distance to 12, from 10
[13:03:49] [Server thread/INFO]: Player150[local:E:aec84705] logged in with entity id 0 at (-1013.5, 56.0, 932.5)
[13:03:49] [Server thread/INFO]: Player150 joined the game
[13:03:51] [Server thread/INFO]: Player150 has just earned the achievement [Taking Inventory]
[13:03:51] [Client thread/INFO]: [CHAT] Player150 has just earned the achievement [Taking Inventory]
[13:04:29] [Server thread/INFO]: Saving and pausing game...
[13:04:29] [Server thread/INFO]: Saving chunks for level 'test'/Overworld
[13:04:29] [Server thread/INFO]: Saving chunks for level 'test'/Nether
[13:04:29] [Server thread/INFO]: Saving chunks for level 'test'/The End
[13:04:32] [Client thread/INFO]: Stopping!
[13:04:32] [Server thread/INFO]: Stopping server
[13:04:32] [Server thread/INFO]: Saving players
[13:04:32] [Server thread/INFO]: Saving worlds
[13:04:32] [Server thread/INFO]: Saving chunks for level 'test'/Overworld
[13:04:32] [Server thread/INFO]: Saving chunks for level 'test'/Nether
[13:04:32] [Server thread/INFO]: Saving chunks for level 'test'/The End
